#
# A fatal error has been detected by the Java Runtime Environment:
#
#  EXCEPTION_ACCESS_VIOLATION (0xc0000005) at pc=0x000000005f94a6a5, pid=7696, tid=10900
#
# JRE version: Java(TM) SE Runtime Environment (8.0_31-b13) (build 1.8.0_31-b13)
# Java VM: Java HotSpot(TM) 64-Bit Server VM (25.31-b07 mixed mode windows-amd64 compressed oops)
# Problematic frame:
# V  [jvm.dll+0x11a6a5]
#
# Failed to write core dump. Minidumps are not enabled by default on client versions of Windows
#
# If you would like to submit a bug report, please visit:
#   http://bugreport.java.com/bugreport/crash.jsp
#

---------------  T H R E A D  ---------------

Current thread (0x00000000588e1000):  JavaThread "JDWP Transport Listener: dt_socket" daemon [_thread_in_vm, id=10900, stack(0x00000000590b0000,0x00000000591b0000)]

siginfo: ExceptionCode=0xc0000005, reading address 0x000000000000157a

Registers:
RAX=0x00000000591af301, RBX=0x00000000588e1000, RCX=0x000000000000157a, RDX=0x0000000000000000
RSP=0x00000000591af340, RBP=0x000000000000157a, RSI=0x00000000591af458, RDI=0x0000000002478c20
R8 =0x00000000588e1000, R9 =0x0000000000000700, R10=0x0000000000000000, R11=0x6e6fdd2000190019
R12=0x0000000000000000, R13=0x00000000588e7ea8, R14=0x0000000000000000, R15=0x0000000000000000
RIP=0x000000005f94a6a5, EFLAGS=0x0000000000010202

Top of Stack: (sp=0x00000000591af340)
0x00000000591af340:   00000000588e1000 00000000588e1000
0x00000000591af350:   00000000591af408 000000005fb47c1b
0x00000000591af360:   00000000588e1000 000000005fb6447d
0x00000000591af370:   0000000000000000 000000005f7b9149
0x00000000591af380:   000000005a2c5c90 000000005f7c2912
0x00000000591af390:   00000000588e1000 0000000000000000
0x00000000591af3a0:   0000000000000000 0000000000000000
0x00000000591af3b0:   000000000000157a 000000005f7c1a09
0x00000000591af3c0:   00000000591af458 00000000591af430
0x00000000591af3d0:   0000000000000001 000000005a2c5c90
0x00000000591af3e0:   000000000000157a 000000005f7a53b3
0x00000000591af3f0:   00000000591af520 0000000000000001
0x00000000591af400:   0000000000000001 000000005a2c5c90
0x00000000591af410:   0000000000000001 0000000000000000
0x00000000591af420:   0000000000000000 0000000000000000
0x00000000591af430:   0000000000000001 000000005f7a5571 

Instructions: (pc=0x000000005f94a6a5)
0x000000005f94a685:   cc cc cc cc cc cc cc cc cc cc cc 48 83 ec 28 48
0x000000005f94a695:   85 c9 75 07 33 c0 48 83 c4 28 c3 48 89 5c 24 20
0x000000005f94a6a5:   48 8b 19 48 85 db 74 20 48 83 fb 37 74 1a 48 8b
0x000000005f94a6b5:   13 48 8b cb ff 52 10 84 c0 74 0d 48 8b c3 48 8b 


Register to memory mapping:

RAX=0x00000000591af301 is pointing into the stack for thread: 0x00000000588e1000
RBX=0x00000000588e1000 is a thread
RCX=0x000000000000157a is an unknown value
RDX=0x0000000000000000 is an unknown value
RSP=0x00000000591af340 is pointing into the stack for thread: 0x00000000588e1000
RBP=0x000000000000157a is an unknown value
RSI=0x00000000591af458 is pointing into the stack for thread: 0x00000000588e1000
RDI=0x0000000002478c20 is an unknown value
R8 =0x00000000588e1000 is a thread
R9 =0x0000000000000700 is an unknown value
R10=0x0000000000000000 is an unknown value
R11=0x6e6fdd2000190019 is an unknown value
R12=0x0000000000000000 is an unknown value
R13=0x00000000588e7ea8 is an unknown value
R14=0x0000000000000000 is an unknown value
R15=0x0000000000000000 is an unknown value


Stack: [0x00000000590b0000,0x00000000591b0000],  sp=0x00000000591af340,  free space=1020k
Native frames: (J=compiled Java code, j=interpreted, Vv=VM code, C=native code)
V  [jvm.dll+0x11a6a5]
V  [jvm.dll+0x33447d]
C  [jdwp.dll+0x21a09]
C  [jdwp.dll+0x53b3]
C  [jdwp.dll+0x5571]
C  [jdwp.dll+0xf09c]
C  [jdwp.dll+0x1f2c9]
C  [jdwp.dll+0x1f49e]
V  [jvm.dll+0x1ac128]
V  [jvm.dll+0x22c194]
V  [jvm.dll+0x28576a]
C  [msvcr100.dll+0x21d9f]
C  [msvcr100.dll+0x21e3b]
C  [kernel32.dll+0x159cd]
C  [ntdll.dll+0x2a561]


---------------  P R O C E S S  ---------------

Java Threads: ( => current thread )
  0x000000005b81d000 JavaThread "DestroyJavaVM" [_thread_blocked, id=11016, stack(0x0000000002700000,0x0000000002800000)]
  0x000000005b81c000 JavaThread "http-nio-8083-AsyncTimeout" daemon [_thread_blocked, id=6796, stack(0x000000005f050000,0x000000005f150000)]
  0x000000005b80c000 JavaThread "http-nio-8083-Acceptor-0" daemon [_thread_in_native, id=9940, stack(0x000000005ee50000,0x000000005ef50000)]
  0x000000005b80b000 JavaThread "http-nio-8083-ClientPoller-1" daemon [_thread_in_native, id=10928, stack(0x000000005ecd0000,0x000000005edd0000)]
  0x000000005b80a800 JavaThread "http-nio-8083-ClientPoller-0" daemon [_thread_in_native, id=3352, stack(0x000000005eaa0000,0x000000005eba0000)]
  0x000000005b809800 JavaThread "http-nio-8083-exec-10" daemon [_thread_blocked, id=11076, stack(0x000000005cc40000,0x000000005cd40000)]
  0x000000005b809000 JavaThread "http-nio-8083-exec-9" daemon [_thread_blocked, id=10372, stack(0x000000005e8d0000,0x000000005e9d0000)]
  0x000000005b808000 JavaThread "http-nio-8083-exec-8" daemon [_thread_blocked, id=4200, stack(0x000000005e6a0000,0x000000005e7a0000)]
  0x000000005b807000 JavaThread "http-nio-8083-exec-7" daemon [_thread_blocked, id=9184, stack(0x000000005e4f0000,0x000000005e5f0000)]
  0x000000005b806800 JavaThread "http-nio-8083-exec-6" daemon [_thread_blocked, id=7476, stack(0x000000005e2c0000,0x000000005e3c0000)]
  0x000000005b805800 JavaThread "http-nio-8083-exec-5" daemon [_thread_blocked, id=9784, stack(0x000000005e1b0000,0x000000005e2b0000)]
  0x000000005b805000 JavaThread "http-nio-8083-exec-4" daemon [_thread_blocked, id=10812, stack(0x000000005e000000,0x000000005e100000)]
  0x000000005b802000 JavaThread "http-nio-8083-exec-3" daemon [_thread_blocked, id=11036, stack(0x000000005a3d0000,0x000000005a4d0000)]
  0x000000005a33b000 JavaThread "http-nio-8083-exec-2" daemon [_thread_blocked, id=2768, stack(0x000000005de50000,0x000000005df50000)]
  0x000000005a33a800 JavaThread "http-nio-8083-exec-1" daemon [_thread_blocked, id=11224, stack(0x000000005dc90000,0x000000005dd90000)]
  0x000000005a338800 JavaThread "NioBlockingSelector.BlockPoller-1" daemon [_thread_in_native, id=10312, stack(0x000000005db50000,0x000000005dc50000)]
  0x000000005b399800 JavaThread "Abandoned connection cleanup thread" daemon [_thread_blocked, id=10308, stack(0x000000005c810000,0x000000005c910000)]
  0x000000005b399000 JavaThread "Tomcat JDBC Pool Cleaner[1482968390:1505875493569]" daemon [_thread_blocked, id=3340, stack(0x000000005cd40000,0x000000005ce40000)]
  0x000000005b32b800 JavaThread "container-0" [_thread_blocked, id=3500, stack(0x000000005c910000,0x000000005ca10000)]
  0x000000005b321800 JavaThread "ContainerBackgroundProcessor[StandardEngine[Tomcat]]" daemon [_thread_blocked, id=7956, stack(0x000000005c710000,0x000000005c810000)]
  0x0000000058989000 JavaThread "Service Thread" daemon [_thread_blocked, id=10544, stack(0x00000000599a0000,0x0000000059aa0000)]
  0x000000005893c000 JavaThread "C1 CompilerThread2" daemon [_thread_blocked, id=8796, stack(0x0000000059800000,0x0000000059900000)]
  0x0000000058900000 JavaThread "C2 CompilerThread1" daemon [_thread_blocked, id=10460, stack(0x00000000593a0000,0x00000000594a0000)]
  0x0000000058907800 JavaThread "C2 CompilerThread0" daemon [_thread_blocked, id=11136, stack(0x0000000059540000,0x0000000059640000)]
  0x00000000588ee800 JavaThread "JDWP Command Reader" daemon [_thread_in_native, id=10876, stack(0x0000000058e90000,0x0000000058f90000)]
  0x00000000588eb800 JavaThread "JDWP Event Helper Thread" daemon [_thread_blocked, id=3672, stack(0x0000000059260000,0x0000000059360000)]
=>0x00000000588e1000 JavaThread "JDWP Transport Listener: dt_socket" daemon [_thread_in_vm, id=10900, stack(0x00000000590b0000,0x00000000591b0000)]
  0x00000000588d1800 JavaThread "Attach Listener" daemon [_thread_blocked, id=3808, stack(0x0000000058360000,0x0000000058460000)]
  0x00000000588d0800 JavaThread "Signal Dispatcher" daemon [_thread_blocked, id=4980, stack(0x0000000058d50000,0x0000000058e50000)]
  0x000000005751d800 JavaThread "Finalizer" daemon [_thread_blocked, id=10324, stack(0x00000000587c0000,0x00000000588c0000)]
  0x0000000057515000 JavaThread "Reference Handler" daemon [_thread_blocked, id=10964, stack(0x0000000058640000,0x0000000058740000)]

Other Threads:
  0x0000000057511800 VMThread [stack: 0x0000000058500000,0x0000000058600000] [id=10616]
  0x0000000058900800 WatcherThread [stack: 0x0000000059ac0000,0x0000000059bc0000] [id=9612]

VM state:not at safepoint (normal execution)

VM Mutex/Monitor currently owned by a thread: None

Heap:
 PSYoungGen      total 255488K, used 39092K [0x00000000d6000000, 0x00000000ecf00000, 0x0000000100000000)
  eden space 238592K, 10% used [0x00000000d6000000,0x00000000d789f4d8,0x00000000e4900000)
  from space 16896K, 82% used [0x00000000e4900000,0x00000000e568dc98,0x00000000e5980000)
  to   space 17920K, 0% used [0x00000000ebd80000,0x00000000ebd80000,0x00000000ecf00000)
 ParOldGen       total 77312K, used 25628K [0x0000000082000000, 0x0000000086b80000, 0x00000000d6000000)
  object space 77312K, 33% used [0x0000000082000000,0x0000000083907048,0x0000000086b80000)
 Metaspace       used 44830K, capacity 45230K, committed 45528K, reserved 1089536K
  class space    used 5916K, capacity 6041K, committed 6104K, reserved 1048576K

Card table byte_map: [0x0000000011bc0000,0x0000000011fc0000] byte_map_base: 0x00000000117b0000

Marking Bits: (ParMarkBitMap*) 0x000000006000d4f0
 Begin Bits: [0x0000000012890000, 0x0000000014810000)
 End Bits:   [0x0000000014810000, 0x0000000016790000)

Polling page: 0x0000000001b70000

CodeCache: size=245760Kb used=8056Kb max_used=8071Kb free=237704Kb
 bounds [0x0000000002800000, 0x0000000002ff0000, 0x0000000011800000]
 total_blobs=4284 nmethods=3758 adapters=446
 compilation: enabled

Compilation events (10 events):
Event: 55.245 Thread 0x000000005893c000 3831       1       sun.nio.ch.WindowsSelectorImpl::access$1400 (5 bytes)
Event: 55.245 Thread 0x000000005893c000 nmethod 3831 0x0000000002d389d0 code [0x0000000002d38b20, 0x0000000002d38c10]
Event: 55.245 Thread 0x000000005893c000 3833       1       sun.nio.ch.WindowsSelectorImpl::access$1500 (5 bytes)
Event: 55.245 Thread 0x000000005893c000 nmethod 3833 0x0000000002d38710 code [0x0000000002d38860, 0x0000000002d38950]
Event: 62.248 Thread 0x000000005893c000 3834  s    1       org.apache.tomcat.util.collections.SynchronizedQueue::poll (61 bytes)
Event: 62.248 Thread 0x000000005893c000 nmethod 3834 0x0000000002d38150 code [0x0000000002d382c0, 0x0000000002d385f0]
Event: 64.248 Thread 0x000000005893c000 3836       1       java.nio.channels.spi.AbstractSelector::isOpen (8 bytes)
Event: 64.248 Thread 0x000000005893c000 nmethod 3836 0x0000000002d37a90 code [0x0000000002d37be0, 0x0000000002d37d10]
Event: 70.250 Thread 0x000000005893c000 3837       1       org.apache.tomcat.util.net.NioEndpoint$NioSocketWrapper::interestOps (5 bytes)
Event: 70.250 Thread 0x000000005893c000 nmethod 3837 0x0000000002d377d0 code [0x0000000002d37920, 0x0000000002d37a30]

GC Heap History (10 events):
Event: 3.070 GC heap before
{Heap before GC invocations=7 (full 1):
 PSYoungGen      total 141312K, used 8720K [0x00000000d6000000, 0x00000000df600000, 0x0000000100000000)
  eden space 130560K, 0% used [0x00000000d6000000,0x00000000d6000000,0x00000000ddf80000)
  from space 10752K, 81% used [0x00000000dea80000,0x00000000df304350,0x00000000df500000)
  to   space 11264K, 0% used [0x00000000ddf80000,0x00000000ddf80000,0x00000000dea80000)
 ParOldGen       total 86016K, used 7750K [0x0000000082000000, 0x0000000087400000, 0x00000000d6000000)
  object space 86016K, 9% used [0x0000000082000000,0x0000000082791830,0x0000000087400000)
 Metaspace       used 20845K, capacity 21132K, committed 21248K, reserved 1067008K
  class space    used 2690K, capacity 2747K, committed 2816K, reserved 1048576K
Event: 3.123 GC heap after
Heap after GC invocations=7 (full 1):
 PSYoungGen      total 141312K, used 0K [0x00000000d6000000, 0x00000000df600000, 0x0000000100000000)
  eden space 130560K, 0% used [0x00000000d6000000,0x00000000d6000000,0x00000000ddf80000)
  from space 10752K, 0% used [0x00000000dea80000,0x00000000dea80000,0x00000000df500000)
  to   space 11264K, 0% used [0x00000000ddf80000,0x00000000ddf80000,0x00000000dea80000)
 ParOldGen       total 51712K, used 9984K [0x0000000082000000, 0x0000000085280000, 0x00000000d6000000)
  object space 51712K, 19% used [0x0000000082000000,0x00000000829c02c0,0x0000000085280000)
 Metaspace       used 20844K, capacity 21130K, committed 21248K, reserved 1067008K
  class space    used 2689K, capacity 2746K, committed 2816K, reserved 1048576K
}
Event: 4.039 GC heap before
{Heap before GC invocations=8 (full 1):
 PSYoungGen      total 141312K, used 130560K [0x00000000d6000000, 0x00000000df600000, 0x0000000100000000)
  eden space 130560K, 100% used [0x00000000d6000000,0x00000000ddf80000,0x00000000ddf80000)
  from space 10752K, 0% used [0x00000000dea80000,0x00000000dea80000,0x00000000df500000)
  to   space 11264K, 0% used [0x00000000ddf80000,0x00000000ddf80000,0x00000000dea80000)
 ParOldGen       total 51712K, used 9984K [0x0000000082000000, 0x0000000085280000, 0x00000000d6000000)
  object space 51712K, 19% used [0x0000000082000000,0x00000000829c02c0,0x0000000085280000)
 Metaspace       used 25589K, capacity 25908K, committed 26240K, reserved 1073152K
  class space    used 3325K, capacity 3393K, committed 3456K, reserved 1048576K
Event: 4.062 GC heap after
Heap after GC invocations=8 (full 1):
 PSYoungGen      total 141824K, used 11049K [0x00000000d6000000, 0x00000000e6700000, 0x0000000100000000)
  eden space 130560K, 0% used [0x00000000d6000000,0x00000000d6000000,0x00000000ddf80000)
  from space 11264K, 98% used [0x00000000ddf80000,0x00000000dea4a488,0x00000000dea80000)
  to   space 13312K, 0% used [0x00000000e5a00000,0x00000000e5a00000,0x00000000e6700000)
 ParOldGen       total 51712K, used 9992K [0x0000000082000000, 0x0000000085280000, 0x00000000d6000000)
  object space 51712K, 19% used [0x0000000082000000,0x00000000829c22c0,0x0000000085280000)
 Metaspace       used 25589K, capacity 25908K, committed 26240K, reserved 1073152K
  class space    used 3325K, capacity 3393K, committed 3456K, reserved 1048576K
}
Event: 5.138 GC heap before
{Heap before GC invocations=9 (full 1):
 PSYoungGen      total 141824K, used 112006K [0x00000000d6000000, 0x00000000e6700000, 0x0000000100000000)
  eden space 130560K, 77% used [0x00000000d6000000,0x00000000dc297608,0x00000000ddf80000)
  from space 11264K, 98% used [0x00000000ddf80000,0x00000000dea4a488,0x00000000dea80000)
  to   space 13312K, 0% used [0x00000000e5a00000,0x00000000e5a00000,0x00000000e6700000)
 ParOldGen       total 51712K, used 9992K [0x0000000082000000, 0x0000000085280000, 0x00000000d6000000)
  object space 51712K, 19% used [0x0000000082000000,0x00000000829c22c0,0x0000000085280000)
 Metaspace       used 34914K, capacity 35236K, committed 35416K, reserved 1079296K
  class space    used 4551K, capacity 4617K, committed 4696K, reserved 1048576K
Event: 5.152 GC heap after
Heap after GC invocations=9 (full 1):
 PSYoungGen      total 251904K, used 13281K [0x00000000d6000000, 0x00000000e6a00000, 0x0000000100000000)
  eden space 238592K, 0% used [0x00000000d6000000,0x00000000d6000000,0x00000000e4900000)
  from space 13312K, 99% used [0x00000000e5a00000,0x00000000e66f84c0,0x00000000e6700000)
  to   space 16896K, 0% used [0x00000000e4900000,0x00000000e4900000,0x00000000e5980000)
 ParOldGen       total 51712K, used 14217K [0x0000000082000000, 0x0000000085280000, 0x00000000d6000000)
  object space 51712K, 27% used [0x0000000082000000,0x0000000082de2428,0x0000000085280000)
 Metaspace       used 34914K, capacity 35236K, committed 35416K, reserved 1079296K
  class space    used 4551K, capacity 4617K, committed 4696K, reserved 1048576K
}
Event: 5.152 GC heap before
{Heap before GC invocations=10 (full 2):
 PSYoungGen      total 251904K, used 13281K [0x00000000d6000000, 0x00000000e6a00000, 0x0000000100000000)
  eden space 238592K, 0% used [0x00000000d6000000,0x00000000d6000000,0x00000000e4900000)
  from space 13312K, 99% used [0x00000000e5a00000,0x00000000e66f84c0,0x00000000e6700000)
  to   space 16896K, 0% used [0x00000000e4900000,0x00000000e4900000,0x00000000e5980000)
 ParOldGen       total 51712K, used 14217K [0x0000000082000000, 0x0000000085280000, 0x00000000d6000000)
  object space 51712K, 27% used [0x0000000082000000,0x0000000082de2428,0x0000000085280000)
 Metaspace       used 34914K, capacity 35236K, committed 35416K, reserved 1079296K
  class space    used 4551K, capacity 4617K, committed 4696K, reserved 1048576K
Event: 5.223 GC heap after
Heap after GC invocations=10 (full 2):
 PSYoungGen      total 251904K, used 0K [0x00000000d6000000, 0x00000000e6a00000, 0x0000000100000000)
  eden space 238592K, 0% used [0x00000000d6000000,0x00000000d6000000,0x00000000e4900000)
  from space 13312K, 0% used [0x00000000e5a00000,0x00000000e5a00000,0x00000000e6700000)
  to   space 16896K, 0% used [0x00000000e4900000,0x00000000e4900000,0x00000000e5980000)
 ParOldGen       total 77312K, used 25620K [0x0000000082000000, 0x0000000086b80000, 0x00000000d6000000)
  object space 77312K, 33% used [0x0000000082000000,0x0000000083905048,0x0000000086b80000)
 Metaspace       used 34914K, capacity 35236K, committed 35416K, reserved 1079296K
  class space    used 4551K, capacity 4617K, committed 4696K, reserved 1048576K
}
Event: 18.500 GC heap before
{Heap before GC invocations=11 (full 2):
 PSYoungGen      total 251904K, used 238592K [0x00000000d6000000, 0x00000000e6a00000, 0x0000000100000000)
  eden space 238592K, 100% used [0x00000000d6000000,0x00000000e4900000,0x00000000e4900000)
  from space 13312K, 0% used [0x00000000e5a00000,0x00000000e5a00000,0x00000000e6700000)
  to   space 16896K, 0% used [0x00000000e4900000,0x00000000e4900000,0x00000000e5980000)
 ParOldGen       total 77312K, used 25620K [0x0000000082000000, 0x0000000086b80000, 0x00000000d6000000)
  object space 77312K, 33% used [0x0000000082000000,0x0000000083905048,0x0000000086b80000)
 Metaspace       used 42198K, capacity 42622K, committed 42840K, reserved 1087488K
  class space    used 5595K, capacity 5684K, committed 5720K, reserved 1048576K
Event: 18.514 GC heap after
Heap after GC invocations=11 (full 2):
 PSYoungGen      total 255488K, used 13879K [0x00000000d6000000, 0x00000000ecf00000, 0x0000000100000000)
  eden space 238592K, 0% used [0x00000000d6000000,0x00000000d6000000,0x00000000e4900000)
  from space 16896K, 82% used [0x00000000e4900000,0x00000000e568dc98,0x00000000e5980000)
  to   space 17920K, 0% used [0x00000000ebd80000,0x00000000ebd80000,0x00000000ecf00000)
 ParOldGen       total 77312K, used 25628K [0x0000000082000000, 0x0000000086b80000, 0x00000000d6000000)
  object space 77312K, 33% used [0x0000000082000000,0x0000000083907048,0x0000000086b80000)
 Metaspace       used 42198K, capacity 42622K, committed 42840K, reserved 1087488K
  class space    used 5595K, capacity 5684K, committed 5720K, reserved 1048576K
}

Deoptimization events (0 events):
No events

Internal exceptions (10 events):
Event: 30.181 Thread 0x000000005a33a800 Exception <a 'java/security/PrivilegedActionException'> (0x00000000d74a4770) thrown at [C:\workspace\8-2-build-windows-amd64-cygwin\jdk8u31\2394\hotspot\src\share\vm\prims\jvm.cpp, line 1312]
Event: 30.182 Thread 0x000000005a33a800 Exception <a 'java/security/PrivilegedActionException'> (0x00000000d74ad388) thrown at [C:\workspace\8-2-build-windows-amd64-cygwin\jdk8u31\2394\hotspot\src\share\vm\prims\jvm.cpp, line 1312]
Event: 30.182 Thread 0x000000005a33a800 Exception <a 'java/security/PrivilegedActionException'> (0x00000000d74b5908) thrown at [C:\workspace\8-2-build-windows-amd64-cygwin\jdk8u31\2394\hotspot\src\share\vm\prims\jvm.cpp, line 1312]
Event: 30.182 Thread 0x000000005a33a800 Exception <a 'java/security/PrivilegedActionException'> (0x00000000d74be640) thrown at [C:\workspace\8-2-build-windows-amd64-cygwin\jdk8u31\2394\hotspot\src\share\vm\prims\jvm.cpp, line 1312]
Event: 30.184 Thread 0x000000005a33a800 Exception <a 'java/security/PrivilegedActionException'> (0x00000000d74c7fa8) thrown at [C:\workspace\8-2-build-windows-amd64-cygwin\jdk8u31\2394\hotspot\src\share\vm\prims\jvm.cpp, line 1312]
Event: 30.185 Thread 0x000000005a33a800 Exception <a 'java/security/PrivilegedActionException'> (0x00000000d74ce1b0) thrown at [C:\workspace\8-2-build-windows-amd64-cygwin\jdk8u31\2394\hotspot\src\share\vm\prims\jvm.cpp, line 1312]
Event: 30.187 Thread 0x000000005a33a800 Exception <a 'java/security/PrivilegedActionException'> (0x00000000d74d5d28) thrown at [C:\workspace\8-2-build-windows-amd64-cygwin\jdk8u31\2394\hotspot\src\share\vm\prims\jvm.cpp, line 1312]
Event: 30.188 Thread 0x000000005a33a800 Exception <a 'java/security/PrivilegedActionException'> (0x00000000d74df5c0) thrown at [C:\workspace\8-2-build-windows-amd64-cygwin\jdk8u31\2394\hotspot\src\share\vm\prims\jvm.cpp, line 1312]
Event: 33.856 Thread 0x000000005b321800 Exception <a 'java/security/PrivilegedActionException'> (0x00000000d7520748) thrown at [C:\workspace\8-2-build-windows-amd64-cygwin\jdk8u31\2394\hotspot\src\share\vm\prims\jvm.cpp, line 1312]
Event: 33.857 Thread 0x000000005b321800 Exception <a 'java/security/PrivilegedActionException'> (0x00000000d7526a18) thrown at [C:\workspace\8-2-build-windows-amd64-cygwin\jdk8u31\2394\hotspot\src\share\vm\prims\jvm.cpp, line 1312]

Events (10 events):
Event: 70.403 Executing VM operation: ChangeBreakpoints
Event: 70.403 Executing VM operation: ChangeBreakpoints done
Event: 70.404 Executing VM operation: ChangeBreakpoints
Event: 70.404 Executing VM operation: ChangeBreakpoints done
Event: 70.404 Executing VM operation: ChangeBreakpoints
Event: 70.404 Executing VM operation: ChangeBreakpoints done
Event: 70.405 Executing VM operation: ChangeBreakpoints
Event: 70.405 Executing VM operation: ChangeBreakpoints done
Event: 70.407 Executing VM operation: RedefineClasses
Event: 70.428 Executing VM operation: RedefineClasses done


Dynamic libraries:
0x000000013f070000 - 0x000000013f0a4000 	C:\Program Files\Java\jdk1.8.0_31\bin\java.exe
0x0000000076ed0000 - 0x000000007707a000 	C:\Windows\SYSTEM32\ntdll.dll
0x0000000076db0000 - 0x0000000076ecf000 	C:\Windows\system32\kernel32.dll
0x000007fefcdc0000 - 0x000007fefce2a000 	C:\Windows\system32\KERNELBASE.dll
0x000007fefd230000 - 0x000007fefd30b000 	C:\Windows\system32\ADVAPI32.dll
0x000007fefd390000 - 0x000007fefd42f000 	C:\Windows\system32\msvcrt.dll
0x000007fefdfd0000 - 0x000007fefdfef000 	C:\Windows\SYSTEM32\sechost.dll
0x000007fefd900000 - 0x000007fefda2d000 	C:\Windows\system32\RPCRT4.dll
0x0000000076cb0000 - 0x0000000076daa000 	C:\Windows\system32\USER32.dll
0x000007fefd1c0000 - 0x000007fefd227000 	C:\Windows\system32\GDI32.dll
0x000007fefcf80000 - 0x000007fefcf8e000 	C:\Windows\system32\LPK.dll
0x000007fefdc30000 - 0x000007fefdcfb000 	C:\Windows\system32\USP10.dll
0x000007fefb610000 - 0x000007fefb804000 	C:\Windows\WinSxS\amd64_microsoft.windows.common-controls_6595b64144ccf1df_6.0.7601.18837_none_fa3b1e3d17594757\COMCTL32.dll
0x000007fefdd60000 - 0x000007fefddd1000 	C:\Windows\system32\SHLWAPI.dll
0x000007fefd800000 - 0x000007fefd82e000 	C:\Windows\system32\IMM32.DLL
0x000007fefdde0000 - 0x000007fefdee9000 	C:\Windows\system32\MSCTF.dll
0x0000000060090000 - 0x0000000060162000 	C:\Program Files\Java\jdk1.8.0_31\jre\bin\msvcr100.dll
0x000000005f830000 - 0x000000006008a000 	C:\Program Files\Java\jdk1.8.0_31\jre\bin\server\jvm.dll
0x000007fef60e0000 - 0x000007fef60e9000 	C:\Windows\system32\WSOCK32.dll
0x000007fefcf90000 - 0x000007fefcfdd000 	C:\Windows\system32\WS2_32.dll
0x000007fefd830000 - 0x000007fefd838000 	C:\Windows\system32\NSI.dll
0x000007fefa6a0000 - 0x000007fefa6db000 	C:\Windows\system32\WINMM.dll
0x0000000077090000 - 0x0000000077097000 	C:\Windows\system32\PSAPI.DLL
0x00000000677e0000 - 0x00000000677ef000 	C:\Program Files\Java\jdk1.8.0_31\jre\bin\verify.dll
0x000000005f800000 - 0x000000005f828000 	C:\Program Files\Java\jdk1.8.0_31\jre\bin\java.dll
0x000000005f7a0000 - 0x000000005f7d5000 	C:\Program Files\Java\jdk1.8.0_31\jre\bin\jdwp.dll
0x0000000072f90000 - 0x0000000072f98000 	C:\Program Files\Java\jdk1.8.0_31\jre\bin\npt.dll
0x000000005f7e0000 - 0x000000005f7f6000 	C:\Program Files\Java\jdk1.8.0_31\jre\bin\zip.dll
0x000007fefe450000 - 0x000007feff1da000 	C:\Windows\system32\SHELL32.dll
0x000007fefda30000 - 0x000007fefdc2c000 	C:\Windows\system32\ole32.dll
0x000007fefcbc0000 - 0x000007fefcbcf000 	C:\Windows\system32\profapi.dll
0x000000005f790000 - 0x000000005f799000 	C:\Program Files\Java\jdk1.8.0_31\jre\bin\dt_socket.dll
0x000007fefc350000 - 0x000007fefc3a5000 	C:\Windows\system32\mswsock.dll
0x000007fefbd70000 - 0x000007fefbd77000 	C:\Windows\System32\wshtcpip.dll
0x0000000067570000 - 0x000000006757d000 	C:\Program Files\Java\jdk1.8.0_31\jre\bin\management.dll
0x000000005f770000 - 0x000000005f78a000 	C:\Program Files\Java\jdk1.8.0_31\jre\bin\net.dll
0x000007fefc340000 - 0x000007fefc347000 	C:\Windows\System32\wship6.dll
0x000007fefa640000 - 0x000007fefa655000 	C:\Windows\system32\NLAapi.dll
0x000007fef7280000 - 0x000007fef7295000 	C:\Windows\system32\napinsp.dll
0x000007fef7170000 - 0x000007fef7189000 	C:\Windows\system32\pnrpnsp.dll
0x000007fefc1d0000 - 0x000007fefc22b000 	C:\Windows\system32\DNSAPI.dll
0x000007fef7160000 - 0x000007fef716b000 	C:\Windows\System32\winrnr.dll
0x000007fefa340000 - 0x000007fefa367000 	C:\Windows\system32\IPHLPAPI.DLL
0x000007fefa320000 - 0x000007fefa32b000 	C:\Windows\system32\WINNSI.DLL
0x000007fef6080000 - 0x000007fef6088000 	C:\Windows\system32\rasadhlp.dll
0x000007fefa1e0000 - 0x000007fefa233000 	C:\Windows\System32\fwpuclnt.dll
0x000000005f750000 - 0x000000005f761000 	C:\Program Files\Java\jdk1.8.0_31\jre\bin\nio.dll
0x000007fefc3b0000 - 0x000007fefc3c8000 	C:\Windows\system32\CRYPTSP.dll
0x000007fefc0b0000 - 0x000007fefc0f7000 	C:\Windows\system32\rsaenh.dll
0x000007fefcf60000 - 0x000007fefcf7e000 	C:\Windows\system32\USERENV.dll
0x000007fefca60000 - 0x000007fefca6f000 	C:\Windows\system32\CRYPTBASE.dll
0x000007fefa1c0000 - 0x000007fefa1d1000 	C:\Windows\system32\dhcpcsvc6.DLL
0x000007fefa1a0000 - 0x000007fefa1b8000 	C:\Windows\system32\dhcpcsvc.DLL
0x000000005f720000 - 0x000000005f744000 	C:\Program Files\Java\jdk1.8.0_31\jre\bin\sunec.dll
0x000007fef7330000 - 0x000007fef7455000 	C:\Windows\system32\dbghelp.dll

VM Arguments:
jvm_args: -agentlib:jdwp=transport=dt_socket,address=127.0.0.1:53745,suspend=y,server=n -XX:TieredStopAtLevel=1 -Xverify:none -Dspring.output.ansi.enabled=always -Dfile.encoding=UTF-8 
java_command: com.daqsoft.SpringSecurityApplication
java_class_path (initial): C:\Program Files\Java\jdk1.8.0_31\jre\lib\charsets.jar;C:\Program Files\Java\jdk1.8.0_31\jre\lib\deploy.jar;C:\Program Files\Java\jdk1.8.0_31\jre\lib\ext\access-bridge-64.jar;C:\Program Files\Java\jdk1.8.0_31\jre\lib\ext\cldrdata.jar;C:\Program Files\Java\jdk1.8.0_31\jre\lib\ext\dnsns.jar;C:\Program Files\Java\jdk1.8.0_31\jre\lib\ext\jaccess.jar;C:\Program Files\Java\jdk1.8.0_31\jre\lib\ext\jfxrt.jar;C:\Program Files\Java\jdk1.8.0_31\jre\lib\ext\localedata.jar;C:\Program Files\Java\jdk1.8.0_31\jre\lib\ext\nashorn.jar;C:\Program Files\Java\jdk1.8.0_31\jre\lib\ext\sunec.jar;C:\Program Files\Java\jdk1.8.0_31\jre\lib\ext\sunjce_provider.jar;C:\Program Files\Java\jdk1.8.0_31\jre\lib\ext\sunmscapi.jar;C:\Program Files\Java\jdk1.8.0_31\jre\lib\ext\sunpkcs11.jar;C:\Program Files\Java\jdk1.8.0_31\jre\lib\ext\zipfs.jar;C:\Program Files\Java\jdk1.8.0_31\jre\lib\javaws.jar;C:\Program Files\Java\jdk1.8.0_31\jre\lib\jce.jar;C:\Program Files\Java\jdk1.8.0_31\jre\lib\jfr.jar;C:\Program Files\Java\jdk1.8.0_31\jre\lib\jfxswt.jar;C:\Program Files\Java\jdk1.8.0_31\jre\lib\jsse.jar;C:\Program Files\Java\jdk1.8.0_31\jre\lib\management-agent.jar;C:\Program Files\Java\jdk1.8.0_31\jre\lib\plugin.jar;C:\Program Files\Java\jdk1.8.0_31\jre\lib\resources.jar;C:\Program Files\Java\jdk1.8.0_31\jre\lib\rt.jar;D:\learnCode\spring-security\target\classes;D:\maven_repository\m2\repository\org\springframework\boot\spring-boot-starter-web\1.5.7.RELEASE\spring-boot-starter-web-1.5.7.RELEASE.jar;D:\maven_repository\m2\repository\org\springframework\boot\spring-boot-starter\1.5.7.RELEASE\spring-boot-starter-1.5.7.RELEASE.jar;D:\maven_repository\m2\repository\org\springframework\boot\spring-boot\1.5.7.RELEASE\spring-boot-1.5.7.RELEASE.jar;D:\maven_repository\m2\repository\org\springframework\boot\spring-boot-autoconfigure\1.5.7.RELEASE\spring-boot-autoconfigure-1.5.7.RELEASE.jar;D:\maven_repository\m2\repository\org\springframework\boot\spring-boot-starter-logging\1.5.7.RELEASE
Launcher Type: SUN_STANDARD

Environment Variables:
JAVA_HOME=C:\Program Files\Java\jdk1.8.0_31
PATH=C:\ProgramData\Oracle\Java\javapath;C:\Windows\system32;C:\Windows;C:\Windows\System32\Wbem;C:\Windows\System32\WindowsPowerShell\v1.0\;C:\Program Files\Java\jdk1.8.0_31\bin;D:\apache-maven-3.3.9\bin;C:\Program Files\Apache Software Foundation\Tomcat 8.0\bin;C:\Program Files\TortoiseSVN\bin;D:\Git\cmd;E:\Program Files\nodejs\;D:\SSH Secure Shell;C:\Users\chanpin\AppData\Roaming\npm;E:\Program Files (x86);E:\Program Files (x86)\ssh
USERNAME=chanpin
OS=Windows_NT
PROCESSOR_IDENTIFIER=Intel64 Family 6 Model 60 Stepping 3, GenuineIntel



---------------  S Y S T E M  ---------------

OS: Windows 7 , 64 bit Build 7601 Service Pack 1

CPU:total 4 (2 cores per cpu, 2 threads per core) family 6 model 60 stepping 3, cmov, cx8, fxsr, mmx, sse, sse2, sse3, ssse3, sse4.1, sse4.2, popcnt, avx, avx2, aes, clmul, erms, lzcnt, ht, tsc, tscinvbit, bmi1, bmi2

Memory: 4k page, physical 8256496k(2464284k free), swap 16511132k(9563648k free)

vm_info: Java HotSpot(TM) 64-Bit Server VM (25.31-b07) for windows-amd64 JRE (1.8.0_31-b13), built on Dec 17 2014 21:00:28 by "java_re" with MS VC++ 10.0 (VS2010)

time: Wed Sep 20 10:45:59 2017
elapsed time: 70 seconds (0d 0h 1m 10s)

